mode: atomic
github.com/keshvan/todo-docker-lab/cmd/todo/main.go:10.13,14.16 3 0
github.com/keshvan/todo-docker-lab/cmd/todo/main.go:14.16,16.3 1 0
github.com/keshvan/todo-docker-lab/cmd/todo/main.go:18.2,18.23 1 0
github.com/keshvan/todo-docker-lab/internal/app/todo.go:21.47,23.16 2 0
github.com/keshvan/todo-docker-lab/internal/app/todo.go:23.16,25.3 1 0
github.com/keshvan/todo-docker-lab/internal/app/todo.go:27.2,34.39 6 0
github.com/keshvan/todo-docker-lab/internal/app/todo.go:37.32,47.47 7 0
github.com/keshvan/todo-docker-lab/internal/app/todo.go:47.47,49.3 1 0
github.com/keshvan/todo-docker-lab/internal/app/todo.go:51.2,52.39 2 0
github.com/keshvan/todo-docker-lab/cmd/migrate/main.go:13.13,16.60 2 0
github.com/keshvan/todo-docker-lab/cmd/migrate/main.go:16.60,17.42 1 0
github.com/keshvan/todo-docker-lab/cmd/migrate/main.go:17.42,19.4 1 0
github.com/keshvan/todo-docker-lab/cmd/migrate/main.go:19.9,21.4 1 0
github.com/keshvan/todo-docker-lab/internal/server/handler.go:26.51,28.2 1 0
github.com/keshvan/todo-docker-lab/internal/server/handler.go:30.70,33.61 2 0
github.com/keshvan/todo-docker-lab/internal/server/handler.go:33.61,36.3 2 0
github.com/keshvan/todo-docker-lab/internal/server/handler.go:38.2,39.16 2 0
github.com/keshvan/todo-docker-lab/internal/server/handler.go:39.16,42.3 2 0
github.com/keshvan/todo-docker-lab/internal/server/handler.go:44.2,45.33 2 0
github.com/keshvan/todo-docker-lab/internal/server/handler.go:48.71,52.16 3 0
github.com/keshvan/todo-docker-lab/internal/server/handler.go:52.16,55.3 2 0
github.com/keshvan/todo-docker-lab/internal/server/handler.go:57.2,58.16 2 0
github.com/keshvan/todo-docker-lab/internal/server/handler.go:58.16,61.3 2 0
github.com/keshvan/todo-docker-lab/internal/server/handler.go:63.2,64.33 2 0
github.com/keshvan/todo-docker-lab/internal/server/handler.go:67.70,71.13 3 0
github.com/keshvan/todo-docker-lab/internal/server/handler.go:71.13,74.3 2 0
github.com/keshvan/todo-docker-lab/internal/server/handler.go:76.2,77.16 2 0
github.com/keshvan/todo-docker-lab/internal/server/handler.go:77.16,80.3 2 0
github.com/keshvan/todo-docker-lab/internal/server/handler.go:82.2,83.34 2 0
github.com/keshvan/todo-docker-lab/internal/server/handler.go:86.70,90.16 3 0
github.com/keshvan/todo-docker-lab/internal/server/handler.go:90.16,93.3 2 0
github.com/keshvan/todo-docker-lab/internal/server/handler.go:95.2,96.61 2 0
github.com/keshvan/todo-docker-lab/internal/server/handler.go:96.61,99.3 2 0
github.com/keshvan/todo-docker-lab/internal/server/handler.go:101.2,102.16 2 0
github.com/keshvan/todo-docker-lab/internal/server/handler.go:102.16,105.3 2 0
github.com/keshvan/todo-docker-lab/internal/server/handler.go:107.2,108.33 2 0
github.com/keshvan/todo-docker-lab/internal/server/handler.go:111.52,117.9 4 0
github.com/keshvan/todo-docker-lab/internal/server/handler.go:118.44,120.20 2 0
github.com/keshvan/todo-docker-lab/internal/server/handler.go:122.40,124.20 2 0
github.com/keshvan/todo-docker-lab/internal/server/handler.go:125.10,127.32 2 0
github.com/keshvan/todo-docker-lab/internal/server/handler.go:130.2,133.4 2 0
github.com/keshvan/todo-docker-lab/internal/server/router.go:21.45,29.40 6 0
github.com/keshvan/todo-docker-lab/internal/server/router.go:29.40,30.40 1 0
github.com/keshvan/todo-docker-lab/internal/server/router.go:30.40,35.4 4 0
github.com/keshvan/todo-docker-lab/internal/server/router.go:38.2,38.19 1 0
github.com/keshvan/todo-docker-lab/internal/server/router.go:41.41,43.2 1 0
github.com/keshvan/todo-docker-lab/internal/server/server.go:13.59,20.2 1 0
github.com/keshvan/todo-docker-lab/internal/server/server.go:22.26,24.12 2 0
github.com/keshvan/todo-docker-lab/internal/server/server.go:24.12,25.86 1 0
github.com/keshvan/todo-docker-lab/internal/server/server.go:25.86,27.4 1 0
github.com/keshvan/todo-docker-lab/internal/server/server.go:31.54,34.2 2 0
github.com/keshvan/todo-docker-lab/internal/config/config.go:13.25,27.2 7 0
github.com/keshvan/todo-docker-lab/internal/config/config.go:29.46,30.42 1 0
github.com/keshvan/todo-docker-lab/internal/config/config.go:30.42,32.3 1 0
github.com/keshvan/todo-docker-lab/internal/config/config.go:33.2,33.21 1 0
github.com/keshvan/todo-docker-lab/internal/config/config.go:36.36,38.17 2 0
github.com/keshvan/todo-docker-lab/internal/config/config.go:38.17,39.73 1 0
github.com/keshvan/todo-docker-lab/internal/config/config.go:41.2,41.14 1 0
github.com/keshvan/todo-docker-lab/mocks/mock_DB.go:20.12,24.19 3 0
github.com/keshvan/todo-docker-lab/mocks/mock_DB.go:24.19,24.49 1 0
github.com/keshvan/todo-docker-lab/mocks/mock_DB.go:26.2,26.13 1 0
github.com/keshvan/todo-docker-lab/mocks/mock_DB.go:38.45,40.2 1 0
github.com/keshvan/todo-docker-lab/mocks/mock_DB.go:43.100,45.19 2 0
github.com/keshvan/todo-docker-lab/mocks/mock_DB.go:45.19,47.3 1 0
github.com/keshvan/todo-docker-lab/mocks/mock_DB.go:47.8,49.3 1 0
github.com/keshvan/todo-docker-lab/mocks/mock_DB.go:50.2,52.19 2 0
github.com/keshvan/todo-docker-lab/mocks/mock_DB.go:52.19,53.46 1 0
github.com/keshvan/todo-docker-lab/mocks/mock_DB.go:56.2,58.105 3 0
github.com/keshvan/todo-docker-lab/mocks/mock_DB.go:58.105,60.3 1 0
github.com/keshvan/todo-docker-lab/mocks/mock_DB.go:61.2,61.96 1 0
github.com/keshvan/todo-docker-lab/mocks/mock_DB.go:61.96,63.3 1 0
github.com/keshvan/todo-docker-lab/mocks/mock_DB.go:63.8,65.3 1 0
github.com/keshvan/todo-docker-lab/mocks/mock_DB.go:66.2,66.84 1 0
github.com/keshvan/todo-docker-lab/mocks/mock_DB.go:66.84,68.3 1 0
github.com/keshvan/todo-docker-lab/mocks/mock_DB.go:68.8,70.3 1 0
github.com/keshvan/todo-docker-lab/mocks/mock_DB.go:71.2,71.15 1 0
github.com/keshvan/todo-docker-lab/mocks/mock_DB.go:83.106,86.2 1 0
github.com/keshvan/todo-docker-lab/mocks/mock_DB.go:88.107,89.40 1 0
github.com/keshvan/todo-docker-lab/mocks/mock_DB.go:89.40,91.21 2 0
github.com/keshvan/todo-docker-lab/mocks/mock_DB.go:91.21,93.4 1 0
github.com/keshvan/todo-docker-lab/mocks/mock_DB.go:94.3,95.21 2 0
github.com/keshvan/todo-docker-lab/mocks/mock_DB.go:95.21,97.4 1 0
github.com/keshvan/todo-docker-lab/mocks/mock_DB.go:98.3,100.20 3 0
github.com/keshvan/todo-docker-lab/mocks/mock_DB.go:100.20,102.4 1 0
github.com/keshvan/todo-docker-lab/mocks/mock_DB.go:103.3,108.4 2 0
github.com/keshvan/todo-docker-lab/mocks/mock_DB.go:110.2,110.11 1 0
github.com/keshvan/todo-docker-lab/mocks/mock_DB.go:113.95,116.2 2 0
github.com/keshvan/todo-docker-lab/mocks/mock_DB.go:118.143,121.2 2 0
github.com/keshvan/todo-docker-lab/mocks/mock_DB.go:124.92,126.19 2 0
github.com/keshvan/todo-docker-lab/mocks/mock_DB.go:126.19,128.3 1 0
github.com/keshvan/todo-docker-lab/mocks/mock_DB.go:128.8,130.3 1 0
github.com/keshvan/todo-docker-lab/mocks/mock_DB.go:131.2,133.19 2 0
github.com/keshvan/todo-docker-lab/mocks/mock_DB.go:133.19,134.47 1 0
github.com/keshvan/todo-docker-lab/mocks/mock_DB.go:137.2,139.96 3 0
github.com/keshvan/todo-docker-lab/mocks/mock_DB.go:139.96,141.3 1 0
github.com/keshvan/todo-docker-lab/mocks/mock_DB.go:142.2,142.87 1 0
github.com/keshvan/todo-docker-lab/mocks/mock_DB.go:142.87,144.3 1 0
github.com/keshvan/todo-docker-lab/mocks/mock_DB.go:144.8,145.24 1 0
github.com/keshvan/todo-docker-lab/mocks/mock_DB.go:145.24,147.4 1 0
github.com/keshvan/todo-docker-lab/mocks/mock_DB.go:149.2,149.84 1 0
github.com/keshvan/todo-docker-lab/mocks/mock_DB.go:149.84,151.3 1 0
github.com/keshvan/todo-docker-lab/mocks/mock_DB.go:151.8,153.3 1 0
github.com/keshvan/todo-docker-lab/mocks/mock_DB.go:154.2,154.15 1 0
github.com/keshvan/todo-docker-lab/mocks/mock_DB.go:166.108,169.2 1 0
github.com/keshvan/todo-docker-lab/mocks/mock_DB.go:171.109,172.40 1 0
github.com/keshvan/todo-docker-lab/mocks/mock_DB.go:172.40,174.21 2 0
github.com/keshvan/todo-docker-lab/mocks/mock_DB.go:174.21,176.4 1 0
github.com/keshvan/todo-docker-lab/mocks/mock_DB.go:177.3,178.21 2 0
github.com/keshvan/todo-docker-lab/mocks/mock_DB.go:178.21,180.4 1 0
github.com/keshvan/todo-docker-lab/mocks/mock_DB.go:181.3,183.20 3 0
github.com/keshvan/todo-docker-lab/mocks/mock_DB.go:183.20,185.4 1 0
github.com/keshvan/todo-docker-lab/mocks/mock_DB.go:186.3,191.4 2 0
github.com/keshvan/todo-docker-lab/mocks/mock_DB.go:193.2,193.11 1 0
github.com/keshvan/todo-docker-lab/mocks/mock_DB.go:196.82,199.2 2 0
github.com/keshvan/todo-docker-lab/mocks/mock_DB.go:201.136,204.2 2 0
github.com/keshvan/todo-docker-lab/mocks/mock_DB.go:207.85,209.19 2 0
github.com/keshvan/todo-docker-lab/mocks/mock_DB.go:209.19,211.3 1 0
github.com/keshvan/todo-docker-lab/mocks/mock_DB.go:211.8,213.3 1 0
github.com/keshvan/todo-docker-lab/mocks/mock_DB.go:214.2,216.19 2 0
github.com/keshvan/todo-docker-lab/mocks/mock_DB.go:216.19,217.50 1 0
github.com/keshvan/todo-docker-lab/mocks/mock_DB.go:220.2,221.86 2 0
github.com/keshvan/todo-docker-lab/mocks/mock_DB.go:221.86,223.3 1 0
github.com/keshvan/todo-docker-lab/mocks/mock_DB.go:223.8,224.24 1 0
github.com/keshvan/todo-docker-lab/mocks/mock_DB.go:224.24,226.4 1 0
github.com/keshvan/todo-docker-lab/mocks/mock_DB.go:228.2,228.11 1 0
github.com/keshvan/todo-docker-lab/mocks/mock_DB.go:240.114,243.2 1 0
github.com/keshvan/todo-docker-lab/mocks/mock_DB.go:245.115,246.40 1 0
github.com/keshvan/todo-docker-lab/mocks/mock_DB.go:246.40,248.21 2 0
github.com/keshvan/todo-docker-lab/mocks/mock_DB.go:248.21,250.4 1 0
github.com/keshvan/todo-docker-lab/mocks/mock_DB.go:251.3,252.21 2 0
github.com/keshvan/todo-docker-lab/mocks/mock_DB.go:252.21,254.4 1 0
github.com/keshvan/todo-docker-lab/mocks/mock_DB.go:255.3,257.20 3 0
github.com/keshvan/todo-docker-lab/mocks/mock_DB.go:257.20,259.4 1 0
github.com/keshvan/todo-docker-lab/mocks/mock_DB.go:260.3,265.4 2 0
github.com/keshvan/todo-docker-lab/mocks/mock_DB.go:267.2,267.11 1 0
github.com/keshvan/todo-docker-lab/mocks/mock_DB.go:270.75,273.2 2 0
github.com/keshvan/todo-docker-lab/mocks/mock_DB.go:275.132,278.2 2 0
github.com/keshvan/todo-docker-lab/mocks/mock_Repository.go:19.20,23.19 3 0
github.com/keshvan/todo-docker-lab/mocks/mock_Repository.go:23.19,23.49 1 0
github.com/keshvan/todo-docker-lab/mocks/mock_Repository.go:25.2,25.13 1 0
github.com/keshvan/todo-docker-lab/mocks/mock_Repository.go:37.61,39.2 1 0
github.com/keshvan/todo-docker-lab/mocks/mock_Repository.go:42.82,45.19 2 0
github.com/keshvan/todo-docker-lab/mocks/mock_Repository.go:45.19,46.48 1 0
github.com/keshvan/todo-docker-lab/mocks/mock_Repository.go:49.2,50.80 2 0
github.com/keshvan/todo-docker-lab/mocks/mock_Repository.go:50.80,52.3 1 0
github.com/keshvan/todo-docker-lab/mocks/mock_Repository.go:52.8,54.3 1 0
github.com/keshvan/todo-docker-lab/mocks/mock_Repository.go:55.2,55.11 1 0
github.com/keshvan/todo-docker-lab/mocks/mock_Repository.go:66.107,68.2 1 0
github.com/keshvan/todo-docker-lab/mocks/mock_Repository.go:70.120,71.40 1 0
github.com/keshvan/todo-docker-lab/mocks/mock_Repository.go:71.40,73.21 2 0
github.com/keshvan/todo-docker-lab/mocks/mock_Repository.go:73.21,75.4 1 0
github.com/keshvan/todo-docker-lab/mocks/mock_Repository.go:76.3,77.21 2 0
github.com/keshvan/todo-docker-lab/mocks/mock_Repository.go:77.21,79.4 1 0
github.com/keshvan/todo-docker-lab/mocks/mock_Repository.go:80.3,83.4 1 0
github.com/keshvan/todo-docker-lab/mocks/mock_Repository.go:85.2,85.11 1 0
github.com/keshvan/todo-docker-lab/mocks/mock_Repository.go:88.85,91.2 2 0
github.com/keshvan/todo-docker-lab/mocks/mock_Repository.go:93.135,96.2 2 0
github.com/keshvan/todo-docker-lab/mocks/mock_Repository.go:99.104,102.19 2 0
github.com/keshvan/todo-docker-lab/mocks/mock_Repository.go:102.19,103.48 1 0
github.com/keshvan/todo-docker-lab/mocks/mock_Repository.go:106.2,108.99 3 0
github.com/keshvan/todo-docker-lab/mocks/mock_Repository.go:108.99,110.3 1 0
github.com/keshvan/todo-docker-lab/mocks/mock_Repository.go:111.2,111.90 1 0
github.com/keshvan/todo-docker-lab/mocks/mock_Repository.go:111.90,113.3 1 0
github.com/keshvan/todo-docker-lab/mocks/mock_Repository.go:113.8,114.24 1 0
github.com/keshvan/todo-docker-lab/mocks/mock_Repository.go:114.24,116.4 1 0
github.com/keshvan/todo-docker-lab/mocks/mock_Repository.go:118.2,118.84 1 0
github.com/keshvan/todo-docker-lab/mocks/mock_Repository.go:118.84,120.3 1 0
github.com/keshvan/todo-docker-lab/mocks/mock_Repository.go:120.8,122.3 1 0
github.com/keshvan/todo-docker-lab/mocks/mock_Repository.go:123.2,123.15 1 0
github.com/keshvan/todo-docker-lab/mocks/mock_Repository.go:134.110,136.2 1 0
github.com/keshvan/todo-docker-lab/mocks/mock_Repository.go:138.127,139.40 1 0
github.com/keshvan/todo-docker-lab/mocks/mock_Repository.go:139.40,141.21 2 0
github.com/keshvan/todo-docker-lab/mocks/mock_Repository.go:141.21,143.4 1 0
github.com/keshvan/todo-docker-lab/mocks/mock_Repository.go:144.3,145.21 2 0
github.com/keshvan/todo-docker-lab/mocks/mock_Repository.go:145.21,147.4 1 0
github.com/keshvan/todo-docker-lab/mocks/mock_Repository.go:148.3,151.4 1 0
github.com/keshvan/todo-docker-lab/mocks/mock_Repository.go:153.2,153.11 1 0
github.com/keshvan/todo-docker-lab/mocks/mock_Repository.go:156.104,159.2 2 0
github.com/keshvan/todo-docker-lab/mocks/mock_Repository.go:161.157,164.2 2 0
github.com/keshvan/todo-docker-lab/mocks/mock_Repository.go:167.89,170.19 2 0
github.com/keshvan/todo-docker-lab/mocks/mock_Repository.go:170.19,171.49 1 0
github.com/keshvan/todo-docker-lab/mocks/mock_Repository.go:174.2,176.89 3 0
github.com/keshvan/todo-docker-lab/mocks/mock_Repository.go:176.89,178.3 1 0
github.com/keshvan/todo-docker-lab/mocks/mock_Repository.go:179.2,179.80 1 0
github.com/keshvan/todo-docker-lab/mocks/mock_Repository.go:179.80,181.3 1 0
github.com/keshvan/todo-docker-lab/mocks/mock_Repository.go:181.8,182.24 1 0
github.com/keshvan/todo-docker-lab/mocks/mock_Repository.go:182.24,184.4 1 0
github.com/keshvan/todo-docker-lab/mocks/mock_Repository.go:186.2,186.75 1 0
github.com/keshvan/todo-docker-lab/mocks/mock_Repository.go:186.75,188.3 1 0
github.com/keshvan/todo-docker-lab/mocks/mock_Repository.go:188.8,190.3 1 0
github.com/keshvan/todo-docker-lab/mocks/mock_Repository.go:191.2,191.15 1 0
github.com/keshvan/todo-docker-lab/mocks/mock_Repository.go:202.106,204.2 1 0
github.com/keshvan/todo-docker-lab/mocks/mock_Repository.go:206.114,207.40 1 0
github.com/keshvan/todo-docker-lab/mocks/mock_Repository.go:207.40,209.21 2 0
github.com/keshvan/todo-docker-lab/mocks/mock_Repository.go:209.21,211.4 1 0
github.com/keshvan/todo-docker-lab/mocks/mock_Repository.go:212.3,213.21 2 0
github.com/keshvan/todo-docker-lab/mocks/mock_Repository.go:213.21,215.4 1 0
github.com/keshvan/todo-docker-lab/mocks/mock_Repository.go:216.3,219.4 1 0
github.com/keshvan/todo-docker-lab/mocks/mock_Repository.go:221.2,221.11 1 0
github.com/keshvan/todo-docker-lab/mocks/mock_Repository.go:224.105,227.2 2 0
github.com/keshvan/todo-docker-lab/mocks/mock_Repository.go:229.143,232.2 2 0
github.com/keshvan/todo-docker-lab/mocks/mock_Repository.go:235.92,238.19 2 0
github.com/keshvan/todo-docker-lab/mocks/mock_Repository.go:238.19,239.48 1 0
github.com/keshvan/todo-docker-lab/mocks/mock_Repository.go:242.2,243.87 2 0
github.com/keshvan/todo-docker-lab/mocks/mock_Repository.go:243.87,245.3 1 0
github.com/keshvan/todo-docker-lab/mocks/mock_Repository.go:245.8,247.3 1 0
github.com/keshvan/todo-docker-lab/mocks/mock_Repository.go:248.2,248.11 1 0
github.com/keshvan/todo-docker-lab/mocks/mock_Repository.go:260.123,262.2 1 0
github.com/keshvan/todo-docker-lab/mocks/mock_Repository.go:264.130,265.40 1 0
github.com/keshvan/todo-docker-lab/mocks/mock_Repository.go:265.40,267.21 2 0
github.com/keshvan/todo-docker-lab/mocks/mock_Repository.go:267.21,269.4 1 0
github.com/keshvan/todo-docker-lab/mocks/mock_Repository.go:270.3,271.21 2 0
github.com/keshvan/todo-docker-lab/mocks/mock_Repository.go:271.21,273.4 1 0
github.com/keshvan/todo-docker-lab/mocks/mock_Repository.go:274.3,275.21 2 0
github.com/keshvan/todo-docker-lab/mocks/mock_Repository.go:275.21,277.4 1 0
github.com/keshvan/todo-docker-lab/mocks/mock_Repository.go:278.3,282.4 1 0
github.com/keshvan/todo-docker-lab/mocks/mock_Repository.go:284.2,284.11 1 0
github.com/keshvan/todo-docker-lab/mocks/mock_Repository.go:287.85,290.2 2 0
github.com/keshvan/todo-docker-lab/mocks/mock_Repository.go:292.145,295.2 2 0
github.com/keshvan/todo-docker-lab/internal/todo/model.go:38.43,39.22 1 0
github.com/keshvan/todo-docker-lab/internal/todo/model.go:39.22,41.3 1 0
github.com/keshvan/todo-docker-lab/internal/todo/postgres.go:22.49,27.16 4 0
github.com/keshvan/todo-docker-lab/internal/todo/postgres.go:27.16,29.3 1 0
github.com/keshvan/todo-docker-lab/internal/todo/postgres.go:31.2,34.16 3 0
github.com/keshvan/todo-docker-lab/internal/todo/postgres.go:34.16,36.3 1 0
github.com/keshvan/todo-docker-lab/internal/todo/postgres.go:38.2,38.39 1 0
github.com/keshvan/todo-docker-lab/internal/todo/postgres.go:38.39,40.3 1 0
github.com/keshvan/todo-docker-lab/internal/todo/postgres.go:42.2,42.29 1 0
github.com/keshvan/todo-docker-lab/internal/todo/postgres.go:45.29,46.20 1 0
github.com/keshvan/todo-docker-lab/internal/todo/postgres.go:46.20,48.3 1 0
github.com/keshvan/todo-docker-lab/internal/todo/postgres.go:51.38,53.16 2 0
github.com/keshvan/todo-docker-lab/internal/todo/postgres.go:53.16,55.3 1 0
github.com/keshvan/todo-docker-lab/internal/todo/postgres.go:56.2,59.16 3 0
github.com/keshvan/todo-docker-lab/internal/todo/postgres.go:59.16,61.3 1 0
github.com/keshvan/todo-docker-lab/internal/todo/postgres.go:63.2,66.16 2 0
github.com/keshvan/todo-docker-lab/internal/todo/postgres.go:66.16,68.3 1 0
github.com/keshvan/todo-docker-lab/internal/todo/postgres.go:70.2,70.15 1 0
github.com/keshvan/todo-docker-lab/internal/todo/postgres.go:70.15,72.36 2 0
github.com/keshvan/todo-docker-lab/internal/todo/postgres.go:72.36,74.4 1 0
github.com/keshvan/todo-docker-lab/internal/todo/postgres.go:77.2,77.15 1 0
github.com/keshvan/todo-docker-lab/internal/todo/repository.go:20.47,22.2 1 6
github.com/keshvan/todo-docker-lab/internal/todo/repository.go:24.72,32.2 2 1
github.com/keshvan/todo-docker-lab/internal/todo/repository.go:34.80,44.16 4 2
github.com/keshvan/todo-docker-lab/internal/todo/repository.go:44.16,45.27 1 1
github.com/keshvan/todo-docker-lab/internal/todo/repository.go:45.27,47.4 1 1
github.com/keshvan/todo-docker-lab/internal/todo/repository.go:48.3,48.18 1 0
github.com/keshvan/todo-docker-lab/internal/todo/repository.go:51.2,51.19 1 1
github.com/keshvan/todo-docker-lab/internal/todo/repository.go:54.90,61.21 3 2
github.com/keshvan/todo-docker-lab/internal/todo/repository.go:61.21,64.3 2 1
github.com/keshvan/todo-docker-lab/internal/todo/repository.go:66.2,78.16 3 2
github.com/keshvan/todo-docker-lab/internal/todo/repository.go:78.16,80.3 1 0
github.com/keshvan/todo-docker-lab/internal/todo/repository.go:81.2,84.18 3 2
github.com/keshvan/todo-docker-lab/internal/todo/repository.go:84.18,89.17 2 3
github.com/keshvan/todo-docker-lab/internal/todo/repository.go:89.17,91.4 1 0
github.com/keshvan/todo-docker-lab/internal/todo/repository.go:92.3,92.30 1 3
github.com/keshvan/todo-docker-lab/internal/todo/repository.go:94.2,94.26 1 2
github.com/keshvan/todo-docker-lab/internal/todo/repository.go:97.82,106.2 3 1
github.com/keshvan/todo-docker-lab/internal/todo/service.go:25.51,27.2 1 9
github.com/keshvan/todo-docker-lab/internal/todo/service.go:29.90,30.21 1 3
github.com/keshvan/todo-docker-lab/internal/todo/service.go:30.21,32.3 1 1
github.com/keshvan/todo-docker-lab/internal/todo/service.go:34.2,34.24 1 2
github.com/keshvan/todo-docker-lab/internal/todo/service.go:34.24,36.3 1 0
github.com/keshvan/todo-docker-lab/internal/todo/service.go:36.8,36.43 1 2
github.com/keshvan/todo-docker-lab/internal/todo/service.go:36.43,38.3 1 1
github.com/keshvan/todo-docker-lab/internal/todo/service.go:40.2,48.49 2 1
github.com/keshvan/todo-docker-lab/internal/todo/service.go:48.49,50.3 1 0
github.com/keshvan/todo-docker-lab/internal/todo/service.go:52.2,52.18 1 1
github.com/keshvan/todo-docker-lab/internal/todo/service.go:55.77,57.16 2 2
github.com/keshvan/todo-docker-lab/internal/todo/service.go:57.16,59.3 1 0
github.com/keshvan/todo-docker-lab/internal/todo/service.go:59.8,59.24 1 2
github.com/keshvan/todo-docker-lab/internal/todo/service.go:59.24,61.3 1 1
github.com/keshvan/todo-docker-lab/internal/todo/service.go:63.2,63.18 1 1
github.com/keshvan/todo-docker-lab/internal/todo/service.go:66.87,67.52 1 2
github.com/keshvan/todo-docker-lab/internal/todo/service.go:67.52,69.3 1 1
github.com/keshvan/todo-docker-lab/internal/todo/service.go:70.2,70.37 1 1
github.com/keshvan/todo-docker-lab/internal/todo/service.go:73.100,75.16 2 2
github.com/keshvan/todo-docker-lab/internal/todo/service.go:75.16,77.3 1 0
github.com/keshvan/todo-docker-lab/internal/todo/service.go:78.2,78.17 1 2
github.com/keshvan/todo-docker-lab/internal/todo/service.go:78.17,80.3 1 1
github.com/keshvan/todo-docker-lab/internal/todo/service.go:82.2,82.21 1 1
github.com/keshvan/todo-docker-lab/internal/todo/service.go:82.21,84.3 1 0
github.com/keshvan/todo-docker-lab/internal/todo/service.go:84.8,86.3 1 1
github.com/keshvan/todo-docker-lab/internal/todo/service.go:88.2,88.28 1 1
github.com/keshvan/todo-docker-lab/internal/todo/service.go:88.28,90.3 1 1
github.com/keshvan/todo-docker-lab/internal/todo/service.go:92.2,92.25 1 1
github.com/keshvan/todo-docker-lab/internal/todo/service.go:92.25,93.38 1 1
github.com/keshvan/todo-docker-lab/internal/todo/service.go:93.38,95.4 1 0
github.com/keshvan/todo-docker-lab/internal/todo/service.go:96.3,96.32 1 1
github.com/keshvan/todo-docker-lab/internal/todo/service.go:99.2,99.26 1 1
github.com/keshvan/todo-docker-lab/internal/todo/service.go:99.26,101.3 1 1
github.com/keshvan/todo-docker-lab/internal/todo/service.go:103.2,103.53 1 1
github.com/keshvan/todo-docker-lab/internal/todo/service.go:103.53,105.3 1 0
github.com/keshvan/todo-docker-lab/internal/todo/service.go:107.2,107.18 1 1
github.com/keshvan/todo-docker-lab/internal/todo/service.go:110.39,111.11 1 5
github.com/keshvan/todo-docker-lab/internal/todo/service.go:112.25,113.14 1 3
github.com/keshvan/todo-docker-lab/internal/todo/service.go:114.10,115.15 1 2
